<?xml version="1.0" encoding="UTF-8"?>
<testng-results skipped="0" failed="0" ignored="0" total="1" passed="1">
  <reporter-output>
  </reporter-output>
  <suite name="Default suite" duration-ms="28957" started-at="2020-03-16T21:39:06Z" finished-at="2020-03-16T21:39:35Z">
    <groups>
    </groups>
    <test name="Default test" duration-ms="28957" started-at="2020-03-16T21:39:06Z" finished-at="2020-03-16T21:39:35Z">
      <class name="com.github.api.test.APITest">
        <test-method status="PASS" signature="CheckAPI()[pri:0, instance:com.github.api.test.APITest@604ed9f0]" name="CheckAPI" duration-ms="28930" started-at="2020-03-16T21:39:06Z" finished-at="2020-03-16T21:39:35Z">
          <reporter-output>
          </reporter-output>
        </test-method> <!-- CheckAPI -->
      </class> <!-- com.github.api.test.APITest -->
    </test> <!-- Default test -->
  </suite> <!-- Default suite -->
</testng-results>
